  dllmain.cpp
  Defining YAML_CPP_API for DLL import
D:\PermissionsEx\PermissionsEx\dllmain.cpp(91,21): warning C4996: 'std::codecvt_utf8<wchar_t,1114111,(std::codecvt_mode)0>': warning STL4017: std::wbuffer_convert, std::wstring_convert, and the <codecvt> header (containing std::codecvt_mode, std::codecvt_utf8, std::codecvt_utf16, and std::codecvt_utf8_utf16) are deprecated in C++17. (The std::codecvt class template is NOT deprecated.) The C++ Standard doesn't provide equivalent non-deprecated functionality; consider using MultiByteToWideChar() and WideCharToMultiByte() from <Windows.h> instead. You can define _SILENCE_CXX17_CODECVT_HEADER_DEPRECATION_WARNING or _SILENCE_ALL_CXX17_DEPRECATION_WARNINGS to acknowledge that you have received this warning.
C:\Program Files (x86)\Microsoft Visual Studio\2019\Community\VC\Tools\MSVC\14.29.30133\include\codecvt(34,1): message : см. объявление "std::codecvt_utf8"
D:\PermissionsEx\PermissionsEx\dllmain.cpp(91,5): warning C4996: 'std::wstring_convert<std::codecvt_utf8<wchar_t,1114111,(std::codecvt_mode)0>,wchar_t,std::allocator<wchar_t>,std::allocator<char>>': warning STL4017: std::wbuffer_convert, std::wstring_convert, and the <codecvt> header (containing std::codecvt_mode, std::codecvt_utf8, std::codecvt_utf16, and std::codecvt_utf8_utf16) are deprecated in C++17. (The std::codecvt class template is NOT deprecated.) The C++ Standard doesn't provide equivalent non-deprecated functionality; consider using MultiByteToWideChar() and WideCharToMultiByte() from <Windows.h> instead. You can define _SILENCE_CXX17_CODECVT_HEADER_DEPRECATION_WARNING or _SILENCE_ALL_CXX17_DEPRECATION_WARNINGS to acknowledge that you have received this warning.
C:\Program Files (x86)\Microsoft Visual Studio\2019\Community\VC\Tools\MSVC\14.29.30133\include\xlocbuf(302,1): message : см. объявление "std::wstring_convert"
D:\PermissionsEx\PermissionsEx\dllmain.cpp(91,44): warning C4996: 'std::wstring_convert<std::codecvt_utf8<wchar_t,1114111,(std::codecvt_mode)0>,wchar_t,std::allocator<wchar_t>,std::allocator<char>>::wstring_convert': warning STL4017: std::wbuffer_convert, std::wstring_convert, and the <codecvt> header (containing std::codecvt_mode, std::codecvt_utf8, std::codecvt_utf16, and std::codecvt_utf8_utf16) are deprecated in C++17. (The std::codecvt class template is NOT deprecated.) The C++ Standard doesn't provide equivalent non-deprecated functionality; consider using MultiByteToWideChar() and WideCharToMultiByte() from <Windows.h> instead. You can define _SILENCE_CXX17_CODECVT_HEADER_DEPRECATION_WARNING or _SILENCE_ALL_CXX17_DEPRECATION_WARNINGS to acknowledge that you have received this warning.
D:\PermissionsEx\PermissionsEx\dllmain.cpp(92,25): warning C4996: 'std::wstring_convert<std::codecvt_utf8<wchar_t,1114111,(std::codecvt_mode)0>,wchar_t,std::allocator<wchar_t>,std::allocator<char>>::from_bytes': warning STL4017: std::wbuffer_convert, std::wstring_convert, and the <codecvt> header (containing std::codecvt_mode, std::codecvt_utf8, std::codecvt_utf16, and std::codecvt_utf8_utf16) are deprecated in C++17. (The std::codecvt class template is NOT deprecated.) The C++ Standard doesn't provide equivalent non-deprecated functionality; consider using MultiByteToWideChar() and WideCharToMultiByte() from <Windows.h> instead. You can define _SILENCE_CXX17_CODECVT_HEADER_DEPRECATION_WARNING or _SILENCE_ALL_CXX17_DEPRECATION_WARNINGS to acknowledge that you have received this warning.
D:\PermissionsEx\PermissionsEx\dllmain.cpp(745,16): warning C4996: 'localtime': This function or variable may be unsafe. Consider using localtime_s instead. To disable deprecation, use _CRT_SECURE_NO_WARNINGS. See online help for details.
D:\PermissionsEx\PermissionsEx\dllmain.cpp(5103,1): warning C4102: jar: неиспользованная метка
D:\PermissionsEx\PermissionsEx\dllmain.cpp(7365,26): warning C4101: e: неиспользованная локальная переменная
D:\PermissionsEx\PermissionsEx\dllmain.cpp(8503,38): warning C4101: is_suffixtoken: неиспользованная локальная переменная
D:\PermissionsEx\PermissionsEx\dllmain.cpp(8503,70): warning C4101: is_msgtoken: неиспользованная локальная переменная
D:\PermissionsEx\PermissionsEx\dllmain.cpp(8503,22): warning C4101: is_prefixtoken: неиспользованная локальная переменная
D:\PermissionsEx\PermissionsEx\dllmain.cpp(8503,54): warning C4101: is_playertoken: неиспользованная локальная переменная
     Создается библиотека D:\PermissionsEx\x64\Release\PermissionsEx.lib и объект D:\PermissionsEx\x64\Release\PermissionsEx.exp
LINK : warning LNK4098: библиотека по умолчанию "MSVCRT" конфликтует с использованием других библиотек; используйте /NODEFAULTLIB:library
  Создание кода
D:\PermissionsEx\PermissionsEx\dllmain.cpp(10212): warning C4715: `entry'::`2'::<lambda_3>::operator(): значение возвращается не при всех путях выполнения
D:\PermissionsEx\PermissionsEx\dllmain.cpp(11693): warning C4715: `entry'::`2'::<lambda_19>::operator(): значение возвращается не при всех путях выполнения
D:\PermissionsEx\PermissionsEx\dllmain.cpp(11428): warning C4715: `entry'::`2'::<lambda_14>::operator(): значение возвращается не при всех путях выполнения
D:\PermissionsEx\PermissionsEx\dllmain.cpp(11389): warning C4715: `entry'::`2'::<lambda_13>::operator(): значение возвращается не при всех путях выполнения
  66 of 4921 functions ( 1.3%) were compiled, the rest were copied from previous compilation.
    0 functions were new in current compilation
    47 functions had inline decision re-evaluated but remain unchanged
  Создание кода завершено
  PermissionsEx.vcxproj -> D:\PermissionsEx\x64\Release\PermissionsEx.dll
